[debug] [2025-11-03T16:46:02.245Z] ----------------------------------------------------------------------
[debug] [2025-11-03T16:46:02.251Z] Command:       C:\Program Files\nodejs\node.exe C:\Users\user\AppData\Roaming\npm\node_modules\firebase-tools\lib\bin\firebase.js init
[debug] [2025-11-03T16:46:02.253Z] CLI Version:   14.23.0
[debug] [2025-11-03T16:46:02.253Z] Platform:      win32
[debug] [2025-11-03T16:46:02.253Z] Node Version:  v22.20.0
[debug] [2025-11-03T16:46:02.254Z] Time:          Mon Nov 03 2025 16:46:02 GMT+0000 (heure moyenne de Greenwich)
[debug] [2025-11-03T16:46:02.254Z] ----------------------------------------------------------------------
[debug] 
[info] 
     ######## #### ########  ######## ########     ###     ######  ########
     ##        ##  ##     ## ##       ##     ##  ##   ##  ##       ##
     ######    ##  ########  ######   ########  #########  ######  ######
     ##        ##  ##    ##  ##       ##     ## ##     ##       ## ##
     ##       #### ##     ## ######## ########  ##     ##  ######  ########

You're about to initialize a Firebase project in this directory:

  C:\Users\user\OneDrive - Ecole Marocaine des Sciences de l'Ingénieur\Bureau\kree\kree

[debug] [2025-11-03T17:17:29.356Z] ExitPromptError: User force closed the prompt with SIGINT
    at Interface.sigint (C:\Users\user\AppData\Roaming\npm\node_modules\firebase-tools\node_modules\@inquirer\core\dist\commonjs\lib\create-prompt.js:101:37)
    at Interface.emit (node:events:519:28)
    at Interface.emit (node:domain:489:12)
    at [_ttyWrite] [as _ttyWrite] (node:internal/readline/interface:1128:18)
    at ReadStream.onkeypress (node:internal/readline/interface:271:20)
    at ReadStream.emit (node:events:531:35)
    at ReadStream.emit (node:domain:489:12)
    at emitKeys (node:internal/readline/utils:370:14)
    at emitKeys.next (<anonymous>)
    at ReadStream.onData (node:internal/readline/emitKeypressEvents:64:36)
[error] 
[error] Error: An unexpected error has occurred.
